<?xml version="1.0" encoding="UTF-8"?>
<!-- Generated by org.testng.reporters.JUnitReportReporter -->
<testsuite hostname="Loba-PC" name="com.bitm.newtourstest.test.LogInTest" tests="2" failures="0" timestamp="29 Apr 2017 04:09:56 GMT" time="20.219" errors="0">
  <testcase name="checkTitle" time="18.698" classname="com.bitm.newtourstest.test.LogInTest"/>
  <testcase name="checkLogin" time="1.521" classname="com.bitm.newtourstest.test.LogInTest"/>
</testsuite> <!-- com.bitm.newtourstest.test.LogInTest -->
