<?xml version="1.0" encoding="UTF-8"?>
<!-- Generated by org.testng.reporters.JUnitReportReporter -->
<testsuite hostname="Loba-PC" name="com.bitm.newtourstest.test.LogInTest" tests="2" failures="0" timestamp="22 Apr 2017 05:46:02 GMT" time="38.276" errors="0">
  <testcase name="checkLogin" time="1.037" classname="com.bitm.newtourstest.test.LogInTest"/>
  <testcase name="checkTitle" time="37.239" classname="com.bitm.newtourstest.test.LogInTest"/>
</testsuite> <!-- com.bitm.newtourstest.test.LogInTest -->
