<?xml version="1.0" encoding="UTF-8"?>
<!-- Generated by org.testng.reporters.JUnitReportReporter -->
<testsuite hostname="Loba-PC" name="com.bitm.newtourstest.TestAnnotaton2" tests="3" failures="0" timestamp="8 Apr 2017 07:49:33 GMT" time="0.018" errors="0">
  <testcase name="testmethod" time="0.005" classname="com.bitm.newtourstest.TestAnnotaton2"/>
  <testcase name="testCase2" time="0.003" classname="com.bitm.newtourstest.TestAnnotaton2"/>
  <testcase name="testCase1" time="0.010" classname="com.bitm.newtourstest.TestAnnotaton2"/>
</testsuite> <!-- com.bitm.newtourstest.TestAnnotaton2 -->
